[2026-07-15T18:31:26.759+0000] {manager.py:483} INFO - Processing files using up to 2 processes at a time 
[2026-07-15T18:31:26.760+0000] {manager.py:484} INFO - Process each file at most once every 30 seconds
[2026-07-15T18:31:26.760+0000] {manager.py:485} INFO - Checking for new files in /opt/airflow/dags every 300 seconds
[2026-07-15T18:31:26.761+0000] {manager.py:821} INFO - Searching for files in /opt/airflow/dags
[2026-07-15T18:31:26.769+0000] {manager.py:824} INFO - There are 1 files in /opt/airflow/dags
[2026-07-15T18:31:26.925+0000] {manager.py:997} INFO - 
================================================================================
DAG File Processing Stats

File Path                            PID  Runtime      # DAGs    # Errors  Last Runtime    Last Run      Last # of DB Queries
---------------------------------  -----  ---------  --------  ----------  --------------  ----------  ----------------------
/opt/airflow/dags/ingestao_raw.py    175  0.02s             0           0                                                   0
================================================================================
[2026-07-15T18:31:57.095+0000] {manager.py:997} INFO - 
================================================================================
DAG File Processing Stats

File Path                          PID    Runtime      # DAGs    # Errors  Last Runtime    Last Run               Last # of DB Queries
---------------------------------  -----  ---------  --------  ----------  --------------  -------------------  ----------------------
/opt/airflow/dags/ingestao_raw.py                           1           0  0.71s           2026-07-15T18:31:27                      45
================================================================================
[2026-07-15T18:32:27.294+0000] {manager.py:997} INFO - 
================================================================================
DAG File Processing Stats

File Path                          PID    Runtime      # DAGs    # Errors  Last Runtime    Last Run               Last # of DB Queries
---------------------------------  -----  ---------  --------  ----------  --------------  -------------------  ----------------------
/opt/airflow/dags/ingestao_raw.py                           1           0  0.47s           2026-07-15T18:31:58                      12
================================================================================
[2026-07-15T18:32:57.623+0000] {manager.py:997} INFO - 
================================================================================
DAG File Processing Stats

File Path                          PID    Runtime      # DAGs    # Errors  Last Runtime    Last Run               Last # of DB Queries
---------------------------------  -----  ---------  --------  ----------  --------------  -------------------  ----------------------
/opt/airflow/dags/ingestao_raw.py                           1           0  0.44s           2026-07-15T18:32:28                      12
================================================================================
[2026-07-15T18:33:28.095+0000] {manager.py:997} INFO - 
================================================================================
DAG File Processing Stats

File Path                          PID    Runtime      # DAGs    # Errors  Last Runtime    Last Run               Last # of DB Queries
---------------------------------  -----  ---------  --------  ----------  --------------  -------------------  ----------------------
/opt/airflow/dags/ingestao_raw.py                           1           0  0.46s           2026-07-15T18:32:59                      12
================================================================================
[2026-07-15T18:33:58.152+0000] {manager.py:997} INFO - 
================================================================================
DAG File Processing Stats

File Path                          PID    Runtime      # DAGs    # Errors  Last Runtime    Last Run               Last # of DB Queries
---------------------------------  -----  ---------  --------  ----------  --------------  -------------------  ----------------------
/opt/airflow/dags/ingestao_raw.py                           1           0  0.45s           2026-07-15T18:33:29                      12
================================================================================
[2026-07-15T18:34:25.206+0000] {manager.py:465} INFO - Exiting gracefully upon receiving signal 15
[2026-07-15T18:34:46.966+0000] {manager.py:483} INFO - Processing files using up to 2 processes at a time 
[2026-07-15T18:34:46.966+0000] {manager.py:484} INFO - Process each file at most once every 30 seconds
[2026-07-15T18:34:46.967+0000] {manager.py:485} INFO - Checking for new files in /opt/airflow/dags every 300 seconds
[2026-07-15T18:34:46.967+0000] {manager.py:821} INFO - Searching for files in /opt/airflow/dags
[2026-07-15T18:34:46.987+0000] {manager.py:824} INFO - There are 1 files in /opt/airflow/dags
[2026-07-15T18:34:47.135+0000] {manager.py:997} INFO - 
================================================================================
DAG File Processing Stats

File Path                            PID  Runtime      # DAGs    # Errors  Last Runtime    Last Run      Last # of DB Queries
---------------------------------  -----  ---------  --------  ----------  --------------  ----------  ----------------------
/opt/airflow/dags/ingestao_raw.py    175  0.02s             0           0                                                   0
================================================================================
[2026-07-15T18:35:17.279+0000] {manager.py:997} INFO - 
================================================================================
DAG File Processing Stats

File Path                          PID    Runtime      # DAGs    # Errors  Last Runtime    Last Run               Last # of DB Queries
---------------------------------  -----  ---------  --------  ----------  --------------  -------------------  ----------------------
/opt/airflow/dags/ingestao_raw.py                           1           0  0.53s           2026-07-15T18:34:47                      12
================================================================================
[2026-07-15T18:35:47.435+0000] {manager.py:997} INFO - 
================================================================================
DAG File Processing Stats

File Path                          PID    Runtime      # DAGs    # Errors  Last Runtime    Last Run               Last # of DB Queries
---------------------------------  -----  ---------  --------  ----------  --------------  -------------------  ----------------------
/opt/airflow/dags/ingestao_raw.py                           1           0  0.47s           2026-07-15T18:35:18                      12
================================================================================
[2026-07-15T18:36:18.152+0000] {manager.py:997} INFO - 
================================================================================
DAG File Processing Stats

File Path                          PID    Runtime      # DAGs    # Errors  Last Runtime    Last Run               Last # of DB Queries
---------------------------------  -----  ---------  --------  ----------  --------------  -------------------  ----------------------
/opt/airflow/dags/ingestao_raw.py                           1           0  0.70s           2026-07-15T18:35:49                      12
================================================================================
[2026-07-15T18:36:48.485+0000] {manager.py:997} INFO - 
================================================================================
DAG File Processing Stats

File Path                          PID    Runtime      # DAGs    # Errors  Last Runtime    Last Run               Last # of DB Queries
---------------------------------  -----  ---------  --------  ----------  --------------  -------------------  ----------------------
/opt/airflow/dags/ingestao_raw.py                           1           0  0.44s           2026-07-15T18:36:19                      12
================================================================================
[2026-07-15T18:37:18.934+0000] {manager.py:997} INFO - 
================================================================================
DAG File Processing Stats

File Path                          PID    Runtime      # DAGs    # Errors  Last Runtime    Last Run               Last # of DB Queries
---------------------------------  -----  ---------  --------  ----------  --------------  -------------------  ----------------------
/opt/airflow/dags/ingestao_raw.py                           1           0  0.45s           2026-07-15T18:36:50                      12
================================================================================
[2026-07-15T18:37:49.020+0000] {manager.py:997} INFO - 
================================================================================
DAG File Processing Stats

File Path                          PID    Runtime      # DAGs    # Errors  Last Runtime    Last Run               Last # of DB Queries
---------------------------------  -----  ---------  --------  ----------  --------------  -------------------  ----------------------
/opt/airflow/dags/ingestao_raw.py                           1           0  0.46s           2026-07-15T18:37:20                      12
================================================================================
[2026-07-15T18:38:19.177+0000] {manager.py:997} INFO - 
================================================================================
DAG File Processing Stats

File Path                          PID    Runtime      # DAGs    # Errors  Last Runtime    Last Run               Last # of DB Queries
---------------------------------  -----  ---------  --------  ----------  --------------  -------------------  ----------------------
/opt/airflow/dags/ingestao_raw.py                           1           0  0.48s           2026-07-15T18:37:51                      12
================================================================================
[2026-07-15T18:38:49.309+0000] {manager.py:997} INFO - 
================================================================================
DAG File Processing Stats

File Path                          PID    Runtime      # DAGs    # Errors  Last Runtime    Last Run               Last # of DB Queries
---------------------------------  -----  ---------  --------  ----------  --------------  -------------------  ----------------------
/opt/airflow/dags/ingestao_raw.py                           1           0  0.48s           2026-07-15T18:38:22                      12
================================================================================
[2026-07-15T18:39:19.474+0000] {manager.py:997} INFO - 
================================================================================
DAG File Processing Stats

File Path                          PID    Runtime      # DAGs    # Errors  Last Runtime    Last Run               Last # of DB Queries
---------------------------------  -----  ---------  --------  ----------  --------------  -------------------  ----------------------
/opt/airflow/dags/ingestao_raw.py                           1           0  0.49s           2026-07-15T18:38:52                      12
================================================================================
[2026-07-15T18:39:47.636+0000] {manager.py:821} INFO - Searching for files in /opt/airflow/dags
[2026-07-15T18:39:47.658+0000] {manager.py:824} INFO - There are 1 files in /opt/airflow/dags
[2026-07-15T18:39:49.686+0000] {manager.py:997} INFO - 
================================================================================
DAG File Processing Stats

File Path                          PID    Runtime      # DAGs    # Errors  Last Runtime    Last Run               Last # of DB Queries
---------------------------------  -----  ---------  --------  ----------  --------------  -------------------  ----------------------
/opt/airflow/dags/ingestao_raw.py                           1           0  0.58s           2026-07-15T18:39:23                      12
================================================================================
[2026-07-15T18:40:19.864+0000] {manager.py:997} INFO - 
================================================================================
DAG File Processing Stats

File Path                          PID    Runtime      # DAGs    # Errors  Last Runtime    Last Run               Last # of DB Queries
---------------------------------  -----  ---------  --------  ----------  --------------  -------------------  ----------------------
/opt/airflow/dags/ingestao_raw.py                           1           0  0.51s           2026-07-15T18:39:54                      12
================================================================================
[2026-07-15T18:40:30.711+0000] {manager.py:465} INFO - Exiting gracefully upon receiving signal 15
[2026-07-15T18:40:52.630+0000] {manager.py:483} INFO - Processing files using up to 2 processes at a time 
[2026-07-15T18:40:52.630+0000] {manager.py:484} INFO - Process each file at most once every 30 seconds
[2026-07-15T18:40:52.631+0000] {manager.py:485} INFO - Checking for new files in /opt/airflow/dags every 300 seconds
[2026-07-15T18:40:52.631+0000] {manager.py:821} INFO - Searching for files in /opt/airflow/dags
[2026-07-15T18:40:52.651+0000] {manager.py:824} INFO - There are 1 files in /opt/airflow/dags
[2026-07-15T18:40:52.821+0000] {manager.py:997} INFO - 
================================================================================
DAG File Processing Stats

File Path                            PID  Runtime      # DAGs    # Errors  Last Runtime    Last Run      Last # of DB Queries
---------------------------------  -----  ---------  --------  ----------  --------------  ----------  ----------------------
/opt/airflow/dags/ingestao_raw.py    175  0.02s             0           0                                                   0
================================================================================
[2026-07-15T18:41:22.970+0000] {manager.py:997} INFO - 
================================================================================
DAG File Processing Stats

File Path                          PID    Runtime      # DAGs    # Errors  Last Runtime    Last Run               Last # of DB Queries
---------------------------------  -----  ---------  --------  ----------  --------------  -------------------  ----------------------
/opt/airflow/dags/ingestao_raw.py                           1           0  0.58s           2026-07-15T18:40:53                      12
================================================================================
[2026-07-15T18:41:53.139+0000] {manager.py:997} INFO - 
================================================================================
DAG File Processing Stats

File Path                          PID    Runtime      # DAGs    # Errors  Last Runtime    Last Run               Last # of DB Queries
---------------------------------  -----  ---------  --------  ----------  --------------  -------------------  ----------------------
/opt/airflow/dags/ingestao_raw.py                           1           0  0.54s           2026-07-15T18:41:24                      12
================================================================================
[2026-07-15T18:42:23.358+0000] {manager.py:997} INFO - 
================================================================================
DAG File Processing Stats

File Path                          PID    Runtime      # DAGs    # Errors  Last Runtime    Last Run               Last # of DB Queries
---------------------------------  -----  ---------  --------  ----------  --------------  -------------------  ----------------------
/opt/airflow/dags/ingestao_raw.py                           1           0  0.51s           2026-07-15T18:41:54                      12
================================================================================
[2026-07-15T18:42:53.449+0000] {manager.py:997} INFO - 
================================================================================
DAG File Processing Stats

File Path                          PID    Runtime      # DAGs    # Errors  Last Runtime    Last Run               Last # of DB Queries
---------------------------------  -----  ---------  --------  ----------  --------------  -------------------  ----------------------
/opt/airflow/dags/ingestao_raw.py                           1           0  0.48s           2026-07-15T18:42:25                      12
================================================================================
[2026-07-15T18:43:23.614+0000] {manager.py:997} INFO - 
================================================================================
DAG File Processing Stats

File Path                          PID    Runtime      # DAGs    # Errors  Last Runtime    Last Run               Last # of DB Queries
---------------------------------  -----  ---------  --------  ----------  --------------  -------------------  ----------------------
/opt/airflow/dags/ingestao_raw.py                           1           0  0.48s           2026-07-15T18:42:55                      12
================================================================================
[2026-07-15T18:43:53.740+0000] {manager.py:997} INFO - 
================================================================================
DAG File Processing Stats

File Path                          PID    Runtime      # DAGs    # Errors  Last Runtime    Last Run               Last # of DB Queries
---------------------------------  -----  ---------  --------  ----------  --------------  -------------------  ----------------------
/opt/airflow/dags/ingestao_raw.py                           1           0  0.47s           2026-07-15T18:43:26                      12
================================================================================
[2026-07-15T18:44:23.920+0000] {manager.py:997} INFO - 
================================================================================
DAG File Processing Stats

File Path                          PID    Runtime      # DAGs    # Errors  Last Runtime    Last Run               Last # of DB Queries
---------------------------------  -----  ---------  --------  ----------  --------------  -------------------  ----------------------
/opt/airflow/dags/ingestao_raw.py                           1           0  0.44s           2026-07-15T18:43:57                      12
================================================================================
[2026-07-15T18:44:35.256+0000] {manager.py:465} INFO - Exiting gracefully upon receiving signal 15
